{"/Users/paulschneider/Sites/coates-group-test/src/database/index.ts": {"path":"/Users/paulschneider/Sites/coates-group-test/src/database/index.ts","statementMap":{"0":{"start":{"line":1,"column":0},"end":{"line":1,"column":125}},"1":{"start":{"line":2,"column":0},"end":{"line":2,"column":35}},"2":{"start":{"line":5,"column":17},"end":{"line":10,"column":2}},"3":{"start":{"line":13,"column":41},"end":{"line":13,"column":66}},"4":{"start":{"line":15,"column":30},"end":{"line":18,"column":null}},"5":{"start":{"line":20,"column":2},"end":{"line":22,"column":null}},"6":{"start":{"line":21,"column":4},"end":{"line":21,"column":null}},"7":{"start":{"line":12,"column":0},"end":{"line":12,"column":7}},"8":{"start":{"line":26,"column":30},"end":{"line":29,"column":null}},"9":{"start":{"line":31,"column":2},"end":{"line":37,"column":null}},"10":{"start":{"line":33,"column":6},"end":{"line":33,"column":null}},"11":{"start":{"line":36,"column":6},"end":{"line":36,"column":null}},"12":{"start":{"line":25,"column":0},"end":{"line":25,"column":7}}},"fnMap":{"0":{"name":"insertDatabaseRecord","decl":{"start":{"line":12,"column":22},"end":{"line":12,"column":42}},"loc":{"start":{"line":12,"column":68},"end":{"line":23,"column":1}}},"1":{"name":"(anonymous_1)","decl":{"start":{"line":20,"column":45},"end":{"line":20,"column":46}},"loc":{"start":{"line":20,"column":51},"end":{"line":22,"column":3}}},"2":{"name":"fetchDatabaseRecord","decl":{"start":{"line":25,"column":22},"end":{"line":25,"column":41}},"loc":{"start":{"line":25,"column":55},"end":{"line":38,"column":1}}},"3":{"name":"(anonymous_3)","decl":{"start":{"line":32,"column":10},"end":{"line":32,"column":11}},"loc":{"start":{"line":32,"column":38},"end":{"line":34,"column":5}}},"4":{"name":"(anonymous_4)","decl":{"start":{"line":35,"column":11},"end":{"line":35,"column":12}},"loc":{"start":{"line":35,"column":17},"end":{"line":37,"column":5}}}},"branchMap":{},"s":{"0":2,"1":2,"2":2,"3":1,"4":1,"5":1,"6":0,"7":2,"8":1,"9":1,"10":1,"11":0,"12":2},"f":{"0":1,"1":0,"2":1,"3":1,"4":0},"b":{}}
,"/Users/paulschneider/Sites/coates-group-test/src/errors/messages.ts": {"path":"/Users/paulschneider/Sites/coates-group-test/src/errors/messages.ts","statementMap":{"0":{"start":{"line":1,"column":13},"end":{"line":23,"column":null}}},"fnMap":{},"branchMap":{},"s":{"0":1},"f":{},"b":{}}
,"/Users/paulschneider/Sites/coates-group-test/src/functions/users/create.ts": {"path":"/Users/paulschneider/Sites/coates-group-test/src/functions/users/create.ts","statementMap":{"0":{"start":{"line":3,"column":0},"end":{"line":3,"column":100}},"1":{"start":{"line":4,"column":0},"end":{"line":4,"column":103}},"2":{"start":{"line":7,"column":0},"end":{"line":7,"column":53}},"3":{"start":{"line":9,"column":15},"end":{"line":39,"column":1}},"4":{"start":{"line":10,"column":22},"end":{"line":10,"column":78}},"5":{"start":{"line":12,"column":71},"end":{"line":12,"column":110}},"6":{"start":{"line":14,"column":2},"end":{"line":14,"column":null}},"7":{"start":{"line":15,"column":2},"end":{"line":15,"column":null}},"8":{"start":{"line":17,"column":2},"end":{"line":22,"column":null}},"9":{"start":{"line":18,"column":4},"end":{"line":21,"column":null}},"10":{"start":{"line":24,"column":71},"end":{"line":24,"column":103}},"11":{"start":{"line":26,"column":2},"end":{"line":31,"column":null}},"12":{"start":{"line":27,"column":4},"end":{"line":30,"column":null}},"13":{"start":{"line":33,"column":2},"end":{"line":33,"column":null}},"14":{"start":{"line":35,"column":2},"end":{"line":38,"column":null}},"15":{"start":{"line":45,"column":9},"end":{"line":45,"column":15}},"16":{"start":{"line":41,"column":42},"end":{"line":43,"column":1}},"17":{"start":{"line":42,"column":2},"end":{"line":42,"column":null}},"18":{"start":{"line":45,"column":17},"end":{"line":45,"column":24}}},"fnMap":{"0":{"name":"(anonymous_0)","decl":{"start":{"line":9,"column":15},"end":{"line":9,"column":20}},"loc":{"start":{"line":9,"column":57},"end":{"line":39,"column":1}}},"1":{"name":"(anonymous_1)","decl":{"start":{"line":41,"column":42},"end":{"line":41,"column":47}},"loc":{"start":{"line":41,"column":116},"end":{"line":43,"column":1}}}},"branchMap":{"0":{"loc":{"start":{"line":17,"column":2},"end":{"line":22,"column":null}},"type":"if","locations":[{"start":{"line":17,"column":2},"end":{"line":22,"column":null}}]},"1":{"loc":{"start":{"line":26,"column":2},"end":{"line":31,"column":null}},"type":"if","locations":[{"start":{"line":26,"column":2},"end":{"line":31,"column":null}}]}},"s":{"0":1,"1":1,"2":1,"3":1,"4":9,"5":9,"6":9,"7":9,"8":9,"9":1,"10":8,"11":8,"12":7,"13":1,"14":1,"15":1,"16":1,"17":0,"18":1},"f":{"0":9,"1":0},"b":{"0":[1],"1":[7]}}
,"/Users/paulschneider/Sites/coates-group-test/src/functions/users/get.ts": {"path":"/Users/paulschneider/Sites/coates-group-test/src/functions/users/get.ts","statementMap":{"0":{"start":{"line":5,"column":0},"end":{"line":5,"column":52}},"1":{"start":{"line":7,"column":15},"end":{"line":25,"column":1}},"2":{"start":{"line":9,"column":15},"end":{"line":9,"column":47}},"3":{"start":{"line":11,"column":2},"end":{"line":16,"column":null}},"4":{"start":{"line":12,"column":4},"end":{"line":15,"column":null}},"5":{"start":{"line":18,"column":2},"end":{"line":24,"column":null}},"6":{"start":{"line":31,"column":9},"end":{"line":31,"column":15}},"7":{"start":{"line":27,"column":42},"end":{"line":29,"column":1}},"8":{"start":{"line":28,"column":2},"end":{"line":28,"column":null}},"9":{"start":{"line":31,"column":17},"end":{"line":31,"column":24}}},"fnMap":{"0":{"name":"(anonymous_0)","decl":{"start":{"line":7,"column":15},"end":{"line":7,"column":20}},"loc":{"start":{"line":7,"column":44},"end":{"line":25,"column":1}}},"1":{"name":"(anonymous_1)","decl":{"start":{"line":27,"column":42},"end":{"line":27,"column":47}},"loc":{"start":{"line":27,"column":116},"end":{"line":29,"column":1}}}},"branchMap":{"0":{"loc":{"start":{"line":11,"column":2},"end":{"line":16,"column":null}},"type":"if","locations":[{"start":{"line":11,"column":2},"end":{"line":16,"column":null}}]}},"s":{"0":1,"1":1,"2":1,"3":1,"4":1,"5":0,"6":1,"7":1,"8":0,"9":1},"f":{"0":1,"1":0},"b":{"0":[1]}}
,"/Users/paulschneider/Sites/coates-group-test/src/validators/create-user.ts": {"path":"/Users/paulschneider/Sites/coates-group-test/src/validators/create-user.ts","statementMap":{"0":{"start":{"line":1,"column":0},"end":{"line":1,"column":42}},"1":{"start":{"line":2,"column":0},"end":{"line":2,"column":45}},"2":{"start":{"line":4,"column":13},"end":{"line":31,"column":null}}},"fnMap":{},"branchMap":{},"s":{"0":1,"1":1,"2":1},"f":{},"b":{}}
,"/Users/paulschneider/Sites/coates-group-test/src/validators/lambda-event.ts": {"path":"/Users/paulschneider/Sites/coates-group-test/src/validators/lambda-event.ts","statementMap":{"0":{"start":{"line":1,"column":0},"end":{"line":1,"column":42}},"1":{"start":{"line":2,"column":0},"end":{"line":2,"column":45}},"2":{"start":{"line":4,"column":13},"end":{"line":9,"column":null}}},"fnMap":{},"branchMap":{},"s":{"0":1,"1":1,"2":1},"f":{},"b":{}}
}
