TN:
SF:src/database/index.ts
FN:12,insertDatabaseRecord
FN:20,(anonymous_1)
FN:25,fetchDatabaseRecord
FN:32,(anonymous_3)
FN:35,(anonymous_4)
FNF:5
FNH:3
FNDA:1,insertDatabaseRecord
FNDA:0,(anonymous_1)
FNDA:1,fetchDatabaseRecord
FNDA:1,(anonymous_3)
FNDA:0,(anonymous_4)
DA:1,2
DA:2,2
DA:5,2
DA:12,2
DA:13,1
DA:15,1
DA:20,1
DA:21,0
DA:25,2
DA:26,1
DA:31,1
DA:33,1
DA:36,0
LF:13
LH:11
BRF:0
BRH:0
end_of_record
TN:
SF:src/errors/messages.ts
FNF:0
FNH:0
DA:1,1
LF:1
LH:1
BRF:0
BRH:0
end_of_record
TN:
SF:src/functions/users/create.ts
FN:9,(anonymous_0)
FN:41,(anonymous_1)
FNF:2
FNH:1
FNDA:9,(anonymous_0)
FNDA:0,(anonymous_1)
DA:3,1
DA:4,1
DA:7,1
DA:9,1
DA:10,9
DA:12,9
DA:14,9
DA:15,9
DA:17,9
DA:18,1
DA:24,8
DA:26,8
DA:27,7
DA:33,1
DA:35,1
DA:41,1
DA:42,0
DA:45,1
LF:18
LH:17
BRDA:17,0,0,1
BRDA:26,1,0,7
BRF:2
BRH:2
end_of_record
TN:
SF:src/functions/users/get.ts
FN:7,(anonymous_0)
FN:27,(anonymous_1)
FNF:2
FNH:1
FNDA:1,(anonymous_0)
FNDA:0,(anonymous_1)
DA:5,1
DA:7,1
DA:9,1
DA:11,1
DA:12,1
DA:18,0
DA:27,1
DA:28,0
DA:31,1
LF:9
LH:7
BRDA:11,0,0,1
BRF:1
BRH:1
end_of_record
TN:
SF:src/validators/create-user.ts
FNF:0
FNH:0
DA:1,1
DA:2,1
DA:4,1
LF:3
LH:3
BRF:0
BRH:0
end_of_record
TN:
SF:src/validators/lambda-event.ts
FNF:0
FNH:0
DA:1,1
DA:2,1
DA:4,1
LF:3
LH:3
BRF:0
BRH:0
end_of_record
